SF:/Users/thanhnhan/Documents/Development/Projects/Flutter Plugin/isolate_manager/lib/src/isolate_manager.dart
DA:27,0
DA:30,3
DA:44,1
DA:55,1
DA:63,1
DA:72,1
DA:81,1
DA:103,1
DA:104,1
DA:105,2
DA:106,1
DA:107,3
DA:108,1
DA:109,1
DA:110,1
DA:111,1
DA:112,1
DA:113,1
DA:114,1
DA:115,5
DA:119,2
DA:120,1
DA:121,3
DA:122,1
DA:123,1
DA:124,1
DA:125,1
DA:126,1
DA:127,1
DA:128,5
DA:134,3
DA:135,4
DA:136,3
DA:137,2
DA:138,2
DA:139,1
DA:144,2
DA:145,0
DA:146,0
DA:152,1
DA:153,2
DA:154,2
DA:155,4
DA:156,2
DA:157,3
DA:161,1
DA:162,1
DA:163,3
DA:166,1
DA:167,2
DA:168,2
DA:172,0
DA:175,1
DA:176,1
DA:178,3
DA:179,3
DA:180,1
DA:184,2
DA:186,2
DA:189,1
DA:190,2
DA:192,4
DA:193,4
DA:194,2
DA:197,2
LF:65
LH:61
end_of_record
SF:/Users/thanhnhan/Documents/Development/Projects/Flutter Plugin/isolate_manager/lib/src/isolate_manager_controller.dart
DA:10,1
DA:14,2
DA:20,0
DA:21,0
DA:23,0
DA:24,0
DA:26,1
DA:27,2
DA:29,1
DA:30,2
DA:32,0
DA:33,0
DA:35,0
DA:36,0
DA:38,1
DA:39,2
LF:16
LH:8
end_of_record
SF:/Users/thanhnhan/Documents/Development/Projects/Flutter Plugin/isolate_manager/lib/src/isolate_contactor/src/isolate_contactor.dart
DA:20,1
DA:27,2
DA:30,1
DA:31,0
DA:50,1
DA:58,1
DA:61,1
DA:62,0
DA:70,0
DA:73,0
DA:77,0
DA:80,0
DA:85,0
DA:88,0
DA:91,0
DA:94,0
LF:16
LH:6
end_of_record
SF:/Users/thanhnhan/Documents/Development/Projects/Flutter Plugin/isolate_manager/lib/src/isolate_contactor/src/isolate_contactor_controller.dart
DA:20,0
DA:23,0
DA:26,0
DA:29,0
DA:32,0
DA:35,0
DA:38,0
LF:7
LH:0
end_of_record
SF:/Users/thanhnhan/Documents/Development/Projects/Flutter Plugin/isolate_manager/lib/src/isolate_contactor/src/utils/utils.dart
DA:6,1
DA:9,1
DA:12,1
DA:17,0
DA:19,0
DA:21,0
DA:26,1
DA:27,2
DA:28,1
DA:29,3
DA:30,1
DA:31,4
DA:32,2
LF:13
LH:10
end_of_record
SF:/Users/thanhnhan/Documents/Development/Projects/Flutter Plugin/isolate_manager/lib/src/isolate_contactor/src/isolate_contactor/isolate_contactor_stub.dart
DA:46,1
DA:54,1
DA:55,1
DA:56,1
DA:57,1
DA:58,1
DA:59,1
DA:63,1
DA:70,1
DA:79,2
DA:85,1
DA:93,1
DA:96,0
DA:102,2
DA:108,1
DA:109,2
DA:110,2
DA:111,1
DA:112,1
DA:113,1
DA:115,4
DA:116,2
DA:117,3
DA:118,3
DA:119,1
DA:122,3
DA:123,5
DA:125,1
DA:126,3
DA:128,1
DA:131,1
DA:132,2
DA:133,3
DA:134,2
DA:135,2
DA:136,1
DA:137,1
DA:138,3
DA:142,1
DA:143,2
DA:146,0
DA:148,0
DA:151,0
DA:152,0
DA:156,0
DA:157,0
DA:158,0
DA:161,0
DA:162,0
DA:163,0
DA:166,0
DA:167,0
DA:169,0
DA:170,0
DA:174,1
DA:175,1
DA:176,0
DA:180,2
DA:181,3
DA:182,3
DA:183,1
DA:190,1
DA:191,1
DA:192,0
DA:193,0
DA:196,1
DA:197,0
DA:200,0
DA:204,1
DA:205,3
DA:207,1
DA:208,4
DA:209,2
DA:212,2
DA:214,2
DA:216,1
DA:220,1
DA:222,1
LF:78
LH:58
end_of_record
SF:/Users/thanhnhan/Documents/Development/Projects/Flutter Plugin/isolate_manager/lib/src/isolate_contactor/src/isolate_contactor_controller/isolate_contactor_controller_stub.dart
DA:22,1
DA:28,1
DA:29,3
DA:30,2
DA:32,2
DA:35,5
DA:36,2
DA:38,1
DA:39,1
DA:40,4
DA:42,1
DA:43,1
DA:44,3
DA:45,1
DA:47,2
DA:56,0
DA:57,0
DA:60,1
DA:61,1
DA:63,1
DA:64,2
DA:66,1
DA:67,2
DA:69,1
DA:72,4
DA:78,1
DA:81,4
DA:88,1
DA:89,3
DA:90,2
DA:91,2
DA:92,2
LF:32
LH:30
end_of_record
SF:/Users/thanhnhan/Documents/Development/Projects/Flutter Plugin/isolate_manager/lib/src/utils.dart
DA:7,1
LF:1
LH:1
end_of_record
SF:/Users/thanhnhan/Documents/Development/Projects/Flutter Plugin/isolate_manager/lib/src/isolate_contactor/src/isolate_contactor.dart
DA:20,1
DA:27,1
DA:30,1
DA:31,1
DA:34,1
DA:50,1
DA:58,1
DA:61,1
DA:62,1
DA:65,1
LF:10
LH:10
end_of_record
SF:/Users/thanhnhan/Documents/Development/Projects/Flutter Plugin/isolate_manager/lib/src/isolate_contactor/src/isolate_contactor/web_platform/isolate_contactor_web.dart
DA:24,1
DA:27,1
DA:30,1
DA:35,1
DA:36,1
DA:39,1
DA:53,1
DA:56,1
DA:63,1
DA:64,1
DA:65,1
DA:73,1
DA:75,1
DA:76,1
DA:79,1
DA:87,1
DA:88,1
DA:97,1
DA:99,1
DA:100,1
DA:103,1
DA:104,1
DA:108,1
DA:109,1
DA:110,1
DA:111,1
DA:112,1
DA:113,1
DA:114,1
DA:116,1
DA:119,1
DA:120,1
DA:121,1
DA:125,1
DA:159,1
DA:160,1
DA:161,1
DA:162,1
DA:165,1
DA:166,1
DA:168,1
DA:170,1
DA:171,1
DA:177,1
DA:178,1
DA:179,0
DA:180,0
DA:183,1
DA:184,0
DA:187,0
DA:191,1
DA:192,1
DA:195,1
DA:196,1
DA:197,1
DA:199,1
DA:201,1
DA:203,1
DA:204,1
DA:207,1
DA:210,1
LF:61
LH:57
end_of_record
SF:/Users/thanhnhan/Documents/Development/Projects/Flutter Plugin/isolate_manager/lib/src/isolate_contactor/src/isolate_contactor/web_platform/isolate_contactor_web_worker.dart
DA:25,1
DA:31,1
DA:37,1
DA:39,1
DA:40,1
DA:43,1
DA:57,1
DA:60,1
DA:67,1
DA:68,1
DA:69,1
DA:77,1
DA:79,1
DA:80,1
DA:83,0
DA:91,0
DA:92,0
DA:101,0
DA:103,0
DA:104,0
DA:107,1
DA:108,1
DA:112,1
DA:113,1
DA:114,1
DA:115,1
DA:116,1
DA:117,1
DA:118,1
DA:121,1
DA:122,1
DA:123,1
DA:127,1
DA:161,1
DA:162,1
DA:163,1
DA:164,1
DA:167,1
DA:168,1
DA:170,1
DA:172,1
DA:173,1
DA:179,1
DA:180,1
DA:181,0
DA:182,0
DA:185,1
DA:186,0
DA:189,0
DA:193,1
DA:194,1
DA:197,1
DA:198,1
DA:199,1
DA:201,1
DA:203,1
DA:205,1
DA:206,1
DA:209,1
DA:212,1
LF:60
LH:50
end_of_record
SF:/Users/thanhnhan/Documents/Development/Projects/Flutter Plugin/isolate_manager/lib/src/isolate_contactor/src/isolate_contactor_controller/isolate_contactor_controller_web.dart
DA:9,1
DA:15,1
DA:16,1
DA:17,1
DA:20,1
DA:21,1
DA:25,1
DA:28,1
DA:29,1
DA:31,1
LF:10
LH:10
end_of_record
SF:/Users/thanhnhan/Documents/Development/Projects/Flutter Plugin/isolate_manager/lib/src/isolate_contactor/src/isolate_contactor_controller/web_platform/isolate_contactor_controller_web.dart
DA:8,1
DA:19,1
DA:25,1
DA:26,1
DA:27,1
DA:29,1
DA:32,1
DA:33,1
DA:34,1
DA:36,1
DA:37,1
DA:39,1
DA:40,1
DA:41,1
DA:43,1
DA:45,1
DA:47,1
DA:48,1
DA:49,1
DA:52,1
DA:56,1
DA:59,1
DA:62,1
DA:65,1
DA:66,1
DA:67,1
DA:71,1
DA:74,1
DA:76,1
DA:80,1
DA:83,1
DA:84,1
DA:85,1
DA:86,1
DA:87,1
DA:88,1
DA:89,1
LF:37
LH:37
end_of_record
SF:/Users/thanhnhan/Documents/Development/Projects/Flutter Plugin/isolate_manager/lib/src/isolate_contactor/src/isolate_contactor_controller/web_platform/isolate_contactor_controller_web_worker.dart
DA:9,1
DA:20,1
DA:26,1
DA:27,0
DA:28,0
DA:30,1
DA:33,1
DA:34,1
DA:35,0
DA:36,0
DA:40,1
DA:41,1
DA:42,1
DA:45,0
DA:49,0
DA:52,1
DA:55,0
DA:58,1
DA:59,1
DA:60,1
DA:64,1
DA:67,0
DA:70,1
DA:71,1
DA:72,1
DA:73,1
DA:74,1
DA:76,1
LF:28
LH:20
end_of_record
SF:/Users/thanhnhan/Documents/Development/Projects/Flutter Plugin/isolate_manager/lib/src/isolate_contactor/src/utils/utils.dart
DA:6,0
DA:9,0
DA:12,0
DA:17,1
DA:20,0
DA:21,0
DA:22,0
DA:26,1
DA:27,1
DA:28,1
DA:29,1
DA:31,1
DA:32,1
DA:33,1
DA:34,1
LF:15
LH:9
end_of_record
SF:/Users/thanhnhan/Documents/Development/Projects/Flutter Plugin/isolate_manager/lib/src/isolate_manager.dart
DA:44,1
DA:53,1
DA:55,1
DA:63,1
DA:70,1
DA:81,1
DA:93,1
DA:96,1
DA:100,1
DA:103,1
DA:104,1
DA:105,1
DA:106,1
DA:108,1
DA:115,1
DA:119,1
DA:120,1
DA:122,1
DA:123,1
DA:128,1
DA:134,1
DA:135,1
DA:136,1
DA:137,1
DA:138,1
DA:139,1
DA:141,1
DA:145,0
DA:146,0
DA:149,1
DA:152,1
DA:153,1
DA:154,1
DA:155,1
DA:156,1
DA:157,1
DA:158,1
DA:161,1
DA:162,1
DA:163,1
DA:164,1
DA:166,1
DA:167,1
DA:168,1
DA:169,1
DA:175,1
DA:176,1
DA:178,1
DA:179,1
DA:180,1
DA:186,1
DA:187,1
DA:189,1
DA:190,1
DA:192,1
DA:193,1
DA:194,1
DA:195,1
DA:197,1
DA:198,1
LF:60
LH:58
end_of_record
SF:/Users/thanhnhan/Documents/Development/Projects/Flutter Plugin/isolate_manager/lib/src/isolate_manager_controller.dart
DA:4,1
DA:10,1
DA:14,1
DA:24,0
DA:27,1
DA:30,1
DA:39,1
LF:7
LH:6
end_of_record
SF:/Users/thanhnhan/Documents/Development/Projects/Flutter Plugin/isolate_manager/lib/src/isolate_contactor/src/isolate_contactor/isolate_contactor_web.dart
DA:11,1
DA:19,1
DA:25,1
DA:33,1
DA:41,1
DA:44,1
DA:53,1
DA:59,1
DA:68,0
DA:77,1
LF:10
LH:9
end_of_record
SF:/Users/thanhnhan/Documents/Development/Projects/Flutter Plugin/isolate_manager/lib/src/utils.dart
DA:7,1
LF:1
LH:1
end_of_record
